<?xml version="1.0" encoding="UTF-8"?>
<testsuite name="game.characters.LancerTest" tests="6" skipped="0" failures="0" errors="0" timestamp="2022-12-12T19:24:56" hostname="DESKTOP-FRO9O26" time="0.012">
  <properties/>
  <testcase name="1. Battle" classname="game.characters.LancerTest" time="0.002"/>
  <testcase name="6. Battle" classname="game.characters.LancerTest" time="0.001"/>
  <testcase name="3. Battle" classname="game.characters.LancerTest" time="0.004"/>
  <testcase name="2 Battle" classname="game.characters.LancerTest" time="0.001"/>
  <testcase name="5. Battle" classname="game.characters.LancerTest" time="0.002"/>
  <testcase name="4. Battle" classname="game.characters.LancerTest" time="0.001"/>
  <system-out><![CDATA[]]></system-out>
  <system-err><![CDATA[]]></system-err>
</testsuite>
