<?xml version="1.0" encoding="UTF-8"?>
<testsuite name="VampireTest" tests="1" skipped="0" failures="0" errors="0" timestamp="2022-12-08T14:18:23" hostname="DESKTOP-FRO9O26" time="0.016">
  <properties/>
  <testcase name="Vampire  losses against Knight" classname="VampireTest" time="0.016"/>
  <system-out><![CDATA[]]></system-out>
  <system-err><![CDATA[]]></system-err>
</testsuite>
