<?xml version="1.0" encoding="UTF-8"?>
<testsuite name="game.characters.WarriorKtTest" tests="13" skipped="0" failures="0" errors="0" timestamp="2022-12-12T19:24:56" hostname="DESKTOP-FRO9O26" time="0.014">
  <properties/>
  <testcase name="12. Battle" classname="game.characters.WarriorKtTest" time="0.001"/>
  <testcase name="10. Battle" classname="game.characters.WarriorKtTest" time="0.001"/>
  <testcase name="9. Battle" classname="game.characters.WarriorKtTest" time="0.001"/>
  <testcase name="6. Fight" classname="game.characters.WarriorKtTest" time="0.0"/>
  <testcase name="8.Battle" classname="game.characters.WarriorKtTest" time="0.001"/>
  <testcase name="12. Battle" classname="game.characters.WarriorKtTest" time="0.001"/>
  <testcase name="4. Fight" classname="game.characters.WarriorKtTest" time="0.0"/>
  <testcase name="3. Fight : First warrior wins against second warrior" classname="game.characters.WarriorKtTest" time="0.0"/>
  <testcase name="7.Battle" classname="game.characters.WarriorKtTest" time="0.001"/>
  <testcase name="1. Fight" classname="game.characters.WarriorKtTest" time="0.001"/>
  <testcase name="2. Fight" classname="game.characters.WarriorKtTest" time="0.0"/>
  <testcase name="11. Battle" classname="game.characters.WarriorKtTest" time="0.003"/>
  <testcase name="5. Fight" classname="game.characters.WarriorKtTest" time="0.0"/>
  <system-out><![CDATA[]]></system-out>
  <system-err><![CDATA[]]></system-err>
</testsuite>
