<?xml version="1.0" encoding="UTF-8"?>
<testsuite name="WarriorKtTest" tests="13" skipped="0" failures="0" errors="0" timestamp="2022-12-08T16:19:37" hostname="DESKTOP-FRO9O26" time="0.008">
  <properties/>
  <testcase name="First army wins with Knights " classname="WarriorKtTest" time="0.002"/>
  <testcase name="First army wins" classname="WarriorKtTest" time="0.001"/>
  <testcase name="Second army wins for third time" classname="WarriorKtTest" time="0.001"/>
  <testcase name="Warrior cannot fight after he is dead" classname="WarriorKtTest" time="0.0"/>
  <testcase name="Second army wins again" classname="WarriorKtTest" time="0.0"/>
  <testcase name="First one hit, first one wins " classname="WarriorKtTest" time="0.001"/>
  <testcase name="Knight wins after fighting another knight" classname="WarriorKtTest" time="0.0"/>
  <testcase name="First warrior wins against second warrior" classname="WarriorKtTest" time="0.0"/>
  <testcase name="Second army wins" classname="WarriorKtTest" time="0.001"/>
  <testcase name="Warrior loses when fights against Knight" classname="WarriorKtTest" time="0.0"/>
  <testcase name="Knight dies after more than one battle" classname="WarriorKtTest" time="0.0"/>
  <testcase name="First army wins " classname="WarriorKtTest" time="0.001"/>
  <testcase name="Second warrior dies after loosing" classname="WarriorKtTest" time="0.0"/>
  <system-out><![CDATA[]]></system-out>
  <system-err><![CDATA[]]></system-err>
</testsuite>
