<?xml version="1.0" encoding="UTF-8"?>
<testsuite name="game.characters.LancerTest" tests="1" skipped="0" failures="0" errors="0" timestamp="2022-12-11T21:07:03" hostname="DESKTOP-FRO9O26" time="0.037">
  <properties/>
  <testcase name="Lancer kills rookie and continues to fight" classname="game.characters.LancerTest" time="0.037"/>
  <system-out><![CDATA[]]></system-out>
  <system-err><![CDATA[]]></system-err>
</testsuite>
