<?xml version="1.0" encoding="UTF-8"?>
<testsuite name="DefenderTest" tests="10" skipped="0" failures="0" errors="0" timestamp="2022-12-08T16:19:37" hostname="DESKTOP-FRO9O26" time="0.036">
  <properties/>
  <testcase name="Army of warriors loses to army of defenders" classname="DefenderTest" time="0.027"/>
  <testcase name="Does defence parameter work for Defender class" classname="DefenderTest" time="0.0"/>
  <testcase name="Defender cannot win against Knight" classname="DefenderTest" time="0.001"/>
  <testcase name="Battle mix" classname="DefenderTest" time="0.002"/>
  <testcase name="Army of warriors wins against army of defenders" classname="DefenderTest" time="0.001"/>
  <testcase name="Defender does not take damage" classname="DefenderTest" time="0.001"/>
  <testcase name="Warrior attacks first and loses against Defender" classname="DefenderTest" time="0.0"/>
  <testcase name="Battle mix 2" classname="DefenderTest" time="0.002"/>
  <testcase name="Defender attacks first and wins against Defender" classname="DefenderTest" time="0.001"/>
  <testcase name="Defender cannot win against Warrior" classname="DefenderTest" time="0.0"/>
  <system-out><![CDATA[]]></system-out>
  <system-err><![CDATA[]]></system-err>
</testsuite>
