<?xml version="1.0" encoding="UTF-8"?>
<testsuite name="game.characters.VampireTest" tests="5" skipped="0" failures="0" errors="0" timestamp="2022-12-12T19:24:56" hostname="DESKTOP-FRO9O26" time="0.005">
  <properties/>
  <testcase name="Test Vampire class2" classname="game.characters.VampireTest" time="0.002"/>
  <testcase name="Test Vampire class" classname="game.characters.VampireTest" time="0.001"/>
  <testcase name="1. Battle" classname="game.characters.VampireTest" time="0.001"/>
  <testcase name="2. Fight" classname="game.characters.VampireTest" time="0.0"/>
  <testcase name="1. Fight" classname="game.characters.VampireTest" time="0.0"/>
  <system-out><![CDATA[]]></system-out>
  <system-err><![CDATA[]]></system-err>
</testsuite>
