<?xml version="1.0" encoding="UTF-8"?>
<testsuite name="VampireTest" tests="5" skipped="0" failures="0" errors="0" timestamp="2022-12-08T16:19:37" hostname="DESKTOP-FRO9O26" time="0.002">
  <properties/>
  <testcase name="Does vampirism parameter work for Warrior class" classname="VampireTest" time="0.001"/>
  <testcase name="Does vampirism parameter work for Defender class" classname="VampireTest" time="0.0"/>
  <testcase name="Vampires win" classname="VampireTest" time="0.001"/>
  <testcase name="Vampire  losses against Knight" classname="VampireTest" time="0.0"/>
  <testcase name="Vampire  wins against Warrior" classname="VampireTest" time="0.0"/>
  <system-out><![CDATA[]]></system-out>
  <system-err><![CDATA[]]></system-err>
</testsuite>
