<?xml version="1.0" encoding="UTF-8"?>
<testsuite name="game.characters.LancerTest" tests="1" skipped="0" failures="0" errors="0" timestamp="2022-12-11T19:36:32" hostname="DESKTOP-FRO9O26" time="0.025">
  <properties/>
  <testcase name="First army wins in a battle between Lancers" classname="game.characters.LancerTest" time="0.025"/>
  <system-out><![CDATA[]]></system-out>
  <system-err><![CDATA[]]></system-err>
</testsuite>
